
rpcServerInit()
rpcServerInit(), returned=0

rpcRegister(getattr)
	ArgTypes:[
		-1610547199 (is_input:1, is_output:0, is_array:1, type:1, array_len:1)
		1610678273 (is_input:0, is_output:1, is_array:1, type:1, array_len:1)
		1073938432 (is_input:0, is_output:1, is_array:0, type:3, array_len:0)
	]
rpcRegister(getattr), returned=0

rpcRegister(mknod)
	ArgTypes:[
		-1610547199 (is_input:1, is_output:0, is_array:1, type:1, array_len:1)
		-2147287040 (is_input:1, is_output:0, is_array:0, type:3, array_len:0)
		-2147221504 (is_input:1, is_output:0, is_array:0, type:4, array_len:0)
		1073938432 (is_input:0, is_output:1, is_array:0, type:3, array_len:0)
	]
rpcRegister(mknod), returned=0

rpcRegister(open)
	ArgTypes:[
		-1610547199 (is_input:1, is_output:0, is_array:1, type:1, array_len:1)
		-536805375 (is_input:1, is_output:1, is_array:1, type:1, array_len:1)
		1073938432 (is_input:0, is_output:1, is_array:0, type:3, array_len:0)
	]
rpcRegister(open), returned=0

rpcRegister(release)
	ArgTypes:[
		-1610547199 (is_input:1, is_output:0, is_array:1, type:1, array_len:1)
		-1610547199 (is_input:1, is_output:0, is_array:1, type:1, array_len:1)
		1073938432 (is_input:0, is_output:1, is_array:0, type:3, array_len:0)
	]
rpcRegister(release), returned=0

rpcRegister(read)
	ArgTypes:[
		-1610547199 (is_input:1, is_output:0, is_array:1, type:1, array_len:1)
		1610678273 (is_input:0, is_output:1, is_array:1, type:1, array_len:1)
		-2147221504 (is_input:1, is_output:0, is_array:0, type:4, array_len:0)
		-2147221504 (is_input:1, is_output:0, is_array:0, type:4, array_len:0)
		-1610547199 (is_input:1, is_output:0, is_array:1, type:1, array_len:1)
		1073938432 (is_input:0, is_output:1, is_array:0, type:3, array_len:0)
	]
rpcRegister(read), returned=0

rpcRegister(write)
	ArgTypes:[
		-1610547199 (is_input:1, is_output:0, is_array:1, type:1, array_len:1)
		-1610547199 (is_input:1, is_output:0, is_array:1, type:1, array_len:1)
		-2147221504 (is_input:1, is_output:0, is_array:0, type:4, array_len:0)
		-2147221504 (is_input:1, is_output:0, is_array:0, type:4, array_len:0)
		-1610547199 (is_input:1, is_output:0, is_array:1, type:1, array_len:1)
		1073938432 (is_input:0, is_output:1, is_array:0, type:3, array_len:0)
	]
rpcRegister(write), returned=0

rpcRegister(truncate)
	ArgTypes:[
		-1610547199 (is_input:1, is_output:0, is_array:1, type:1, array_len:1)
		-2147221504 (is_input:1, is_output:0, is_array:0, type:4, array_len:0)
		1073938432 (is_input:0, is_output:1, is_array:0, type:3, array_len:0)
	]
rpcRegister(truncate), returned=0

rpcRegister(fsync)
	ArgTypes:[
		-1610547199 (is_input:1, is_output:0, is_array:1, type:1, array_len:1)
		-1610547199 (is_input:1, is_output:0, is_array:1, type:1, array_len:1)
		1073938432 (is_input:0, is_output:1, is_array:0, type:3, array_len:0)
	]
rpcRegister(fsync), returned=0

rpcRegister(utimensat)
	ArgTypes:[
		-1610547199 (is_input:1, is_output:0, is_array:1, type:1, array_len:1)
		-1610547199 (is_input:1, is_output:0, is_array:1, type:1, array_len:1)
		1073938432 (is_input:0, is_output:1, is_array:0, type:3, array_len:0)
	]
rpcRegister(utimensat), returned=0

rpcExecute()
	Listening on address:ubuntu2004-004, port:43679

received execute(getattr)
	ArgTypes:[
		-1610547185 (is_input:1, is_output:0, is_array:1, type:1, array_len:15)
		1610678416 (is_input:0, is_output:1, is_array:1, type:1, array_len:144)
		1073938432 (is_input:0, is_output:1, is_array:0, type:3, array_len:0)
	]
received execute(getattr), returned:0

received execute(mknod)
	ArgTypes:[
		-1610547186 (is_input:1, is_output:0, is_array:1, type:1, array_len:14)
		-2147287040 (is_input:1, is_output:0, is_array:0, type:3, array_len:0)
		-2147221504 (is_input:1, is_output:0, is_array:0, type:4, array_len:0)
		1073938432 (is_input:0, is_output:1, is_array:0, type:3, array_len:0)
	]
received execute(mknod), returned:0

received execute(getattr)
	ArgTypes:[
		-1610547185 (is_input:1, is_output:0, is_array:1, type:1, array_len:15)
		1610678416 (is_input:0, is_output:1, is_array:1, type:1, array_len:144)
		1073938432 (is_input:0, is_output:1, is_array:0, type:3, array_len:0)
	]
received execute(getattr), returned:0

received execute(open)
	ArgTypes:[
		-1610547186 (is_input:1, is_output:0, is_array:1, type:1, array_len:14)
		-536805336 (is_input:1, is_output:1, is_array:1, type:1, array_len:40)
		1073938432 (is_input:0, is_output:1, is_array:0, type:3, array_len:0)
	]
received execute(open), returned:0

received execute(write)
	ArgTypes:[
		-1610547186 (is_input:1, is_output:0, is_array:1, type:1, array_len:14)
		-1610547150 (is_input:1, is_output:0, is_array:1, type:1, array_len:50)
		-2147221504 (is_input:1, is_output:0, is_array:0, type:4, array_len:0)
		-2147221504 (is_input:1, is_output:0, is_array:0, type:4, array_len:0)
		-1610547160 (is_input:1, is_output:0, is_array:1, type:1, array_len:40)
		1073938432 (is_input:0, is_output:1, is_array:0, type:3, array_len:0)
	]
received execute(write), returned:0

received execute(read)
	ArgTypes:[
		-1610547186 (is_input:1, is_output:0, is_array:1, type:1, array_len:14)
		1610678422 (is_input:0, is_output:1, is_array:1, type:1, array_len:150)
		-2147221504 (is_input:1, is_output:0, is_array:0, type:4, array_len:0)
		-2147221504 (is_input:1, is_output:0, is_array:0, type:4, array_len:0)
		-1610547160 (is_input:1, is_output:0, is_array:1, type:1, array_len:40)
		1073938432 (is_input:0, is_output:1, is_array:0, type:3, array_len:0)
	]
received execute(read), returned:0

received execute(release)
	ArgTypes:[
		-1610547186 (is_input:1, is_output:0, is_array:1, type:1, array_len:14)
		-1610547160 (is_input:1, is_output:0, is_array:1, type:1, array_len:40)
		1073938432 (is_input:0, is_output:1, is_array:0, type:3, array_len:0)
	]
received execute(release), returned:0
