
rpcClientInit()
	Connecting to address:ubuntu2004-004, port:43679
rpcClientInit(), returned=0

rpcCall(getattr)
	ArgTypes:[
		-1610547185 (is_input:1, is_output:0, is_array:1, type:1, array_len:15)
		1610678416 (is_input:0, is_output:1, is_array:1, type:1, array_len:144)
		1073938432 (is_input:0, is_output:1, is_array:0, type:3, array_len:0)
	]
rpcCall(getattr), returned=0

rpcCall(mknod)
	ArgTypes:[
		-1610547186 (is_input:1, is_output:0, is_array:1, type:1, array_len:14)
		-2147287040 (is_input:1, is_output:0, is_array:0, type:3, array_len:0)
		-2147221504 (is_input:1, is_output:0, is_array:0, type:4, array_len:0)
		1073938432 (is_input:0, is_output:1, is_array:0, type:3, array_len:0)
	]
rpcCall(mknod), returned=0

rpcCall(getattr)
	ArgTypes:[
		-1610547185 (is_input:1, is_output:0, is_array:1, type:1, array_len:15)
		1610678416 (is_input:0, is_output:1, is_array:1, type:1, array_len:144)
		1073938432 (is_input:0, is_output:1, is_array:0, type:3, array_len:0)
	]
rpcCall(getattr), returned=0

rpcCall(open)
	ArgTypes:[
		-1610547186 (is_input:1, is_output:0, is_array:1, type:1, array_len:14)
		-536805336 (is_input:1, is_output:1, is_array:1, type:1, array_len:40)
		1073938432 (is_input:0, is_output:1, is_array:0, type:3, array_len:0)
	]
rpcCall(open), returned=0

rpcCall(write)
	ArgTypes:[
		-1610547186 (is_input:1, is_output:0, is_array:1, type:1, array_len:14)
		-1610547150 (is_input:1, is_output:0, is_array:1, type:1, array_len:50)
		-2147221504 (is_input:1, is_output:0, is_array:0, type:4, array_len:0)
		-2147221504 (is_input:1, is_output:0, is_array:0, type:4, array_len:0)
		-1610547160 (is_input:1, is_output:0, is_array:1, type:1, array_len:40)
		1073938432 (is_input:0, is_output:1, is_array:0, type:3, array_len:0)
	]
rpcCall(write), returned=0

rpcCall(read)
	ArgTypes:[
		-1610547186 (is_input:1, is_output:0, is_array:1, type:1, array_len:14)
		1610678422 (is_input:0, is_output:1, is_array:1, type:1, array_len:150)
		-2147221504 (is_input:1, is_output:0, is_array:0, type:4, array_len:0)
		-2147221504 (is_input:1, is_output:0, is_array:0, type:4, array_len:0)
		-1610547160 (is_input:1, is_output:0, is_array:1, type:1, array_len:40)
		1073938432 (is_input:0, is_output:1, is_array:0, type:3, array_len:0)
	]
rpcCall(read), returned=0

rpcCall(release)
	ArgTypes:[
		-1610547186 (is_input:1, is_output:0, is_array:1, type:1, array_len:14)
		-1610547160 (is_input:1, is_output:0, is_array:1, type:1, array_len:40)
		1073938432 (is_input:0, is_output:1, is_array:0, type:3, array_len:0)
	]
rpcCall(release), returned=0
