
watdfs_init()
	path_to_cache:/tmp/cikrofch/cache
	cache_interval:0 s
fuse_context:
	fuse = db235480
	uid =  0
	gid =  0
	pid =  0
	private_data = db233eb0
	logfile = db234ef0
	path_to_cache = /tmp/cikrofch/cache
	umask = 00000

watdfs_getattr(path="/long_read.txt", statbuf=0x7de3ad30)
watdfs_getattr(path="/long_read.txt", statbuf=0x7de3ad30) returned=-2
    si:
	st_dev =  0
	st_ino =  0
	st_mode = 0 0
	st_nlink =  0
	st_uid =  0
	st_gid =  0
	st_rdev =  0
	st_size =  0
	st_blksize =  0
	st_blocks =  0
	st_atime = 0x 00000000
	st_mtime = 0x 00000000
	st_ctime = 0x 00000000

watdfs_mknod(path="/long_read.txt", mode=0100751, dev=0)
watdfs_mknod(path="/long_read.txt", mode=0100751, dev=0) returned=0

watdfs_getattr(path="/long_read.txt", statbuf=0x7de3ad30)
watdfs_getattr(path="/long_read.txt", statbuf=0x7de3ad30) returned=0
    si:
	st_dev =  2053
	st_ino =  22712187
	st_mode = 0 100751
	st_nlink =  1
	st_uid =  11958
	st_gid =  12447
	st_rdev =  0
	st_size =  0
	st_blksize =  4096
	st_blocks =  0
	st_atime = 0x 63ed3694
	st_mtime = 0x 63ed3694
	st_ctime = 0x 63ed3694

watdfs_open(path"/long_read.txt", fi=0x7de3ade0)
    fi:
	flags = 0x 00008002
	fh_old = 0x 00000000
	writepage =  0
	direct_io =  0
	keep_cache =  0
	fh = 0x 0000000000000000
	lock_owner = 0x 0000000000000000
    fi:
	flags = 0x 00008002
	fh_old = 0x 00000000
	writepage =  0
	direct_io =  0
	keep_cache =  0
	fh = 0x 0000000000000006
	lock_owner = 0x 0000000000000000
watdfs_open(path"/long_read.txt", fi=0x7de3ade0) returned=0

watdfs_write(path="/long_read.txt", buf=0x156ee060, size=50, offset=0, fi=0x7de3ae40)
    fi:
	flags = 0x 00008002
	fh_old = 0x 00000006
	writepage =  0
	direct_io =  0
	keep_cache =  0
	fh = 0x 0000000000000006
	lock_owner = 0x 809ff20b4acfe934
watdfs_write(path="/long_read.txt", buf=0x156ee060, size=50, offset=0, fi=0x7de3ae40) returned=50

watdfs_read(path="/long_read.txt", buf=0xdb25a7e0, size=150, offset=0, fi=0x7de3ade0)
    fi:
	flags = 0x 00008002
	fh_old = 0x 00000006
	writepage =  0
	direct_io =  0
	keep_cache =  0
	fh = 0x 0000000000000006
	lock_owner = 0x 809ff20b4acfe934
watdfs_read(path="/long_read.txt", buf=0xdb25a7e0, size=150, offset=0, fi=0x7de3ade0) returned=50

always_flush(path="/long_read.txt", fi=0x7de3ade0), returned:0

watdfs_release(path="/long_read.txt", fi=0x7de3ade0)
    fi:
	flags = 0x 00008002
	fh_old = 0x 00000006
	writepage =  0
	direct_io =  0
	keep_cache =  0
	fh = 0x 0000000000000006
	lock_owner = 0x 0000000000000000
watdfs_release(path="/long_read.txt", fi=0x7de3ade0) returned=0
